<?xml version="1.0" encoding="UTF-8"?>
<testsuite xmlns:xsi="http://www.w3.org/2001/XMLSchema-instance" xsi:noNamespaceSchemaLocation="https://maven.apache.org/surefire/maven-surefire-plugin/xsd/surefire-test-report-3.0.xsd" version="3.0" name="com.wed.WedApplicationTests" time="5.624" tests="1" errors="0" skipped="0" failures="0">
  <properties>
[...]
</properties>
  <testcase name="contextLoads" classname="com.wed.WedApplicationTests" time="1.169">
    <system-out><![CDATA[23:52:00.339 [main] INFO org.springframework.test.context.support.AnnotationConfigContextLoaderUtils -- Could not detect default configuration classes for test class [com.wed.WedApplicationTests]: WedApplicationTests does not declare any static, non-private, non-final, nested classes annotated with @Configuration.
23:52:00.516 [main] INFO org.springframework.boot.test.context.SpringBootTestContextBootstrapper -- Found @SpringBootConfiguration com.wed.WedApplication for test class com.wed.WedApplicationTests

  .   ____          _            __ _ _
 /\\ / ___'_ __ _ _(_)_ __  __ _ \ \ \ \
( ( )\___ | '_ | '_| | '_ \/ _` | \ \ \ \
 \\/  ___)| |_)| | | | | || (_| |  ) ) ) )
  '  |____| .__|_| |_|_| |_\__, | / / / /
 =========|_|==============|___/=/_/_/_/
 :: Spring Boot ::                (v3.2.1)

2024-01-15T23:52:01.121+02:00  INFO 11984 --- [           main] com.wed.WedApplicationTests              : Starting WedApplicationTests using Java 17.0.9 with PID 11984 (started by Admin in C:\Users\Admin\Downloads\wed\wed)
2024-01-15T23:52:01.123+02:00  INFO 11984 --- [           main] com.wed.WedApplicationTests              : No active profile set, falling back to 1 default profile: "default"
2024-01-15T23:52:01.821+02:00  INFO 11984 --- [           main] .s.d.r.c.RepositoryConfigurationDelegate : Bootstrapping Spring Data DynamoDB repositories in DEFAULT mode.
2024-01-15T23:52:01.890+02:00  INFO 11984 --- [           main] .s.d.r.c.RepositoryConfigurationDelegate : Finished Spring Data repository scanning in 57 ms. Found 1 DynamoDB repository interface.
2024-01-15T23:52:02.508+02:00  WARN 11984 --- [           main] trationDelegate$BeanPostProcessorChecker : Bean 'dynamoDBConfig' of type [com.wed.config.DynamoDBConfig$$SpringCGLIB$$0] is not eligible for getting processed by all BeanPostProcessors (for example: not eligible for auto-proxying). Is this bean getting eagerly injected into a currently created BeanPostProcessor [methodValidationPostProcessor]? Check the corresponding BeanPostProcessor declaration and its dependencies.
2024-01-15T23:52:02.638+02:00  WARN 11984 --- [           main] trationDelegate$BeanPostProcessorChecker : Bean 'amazonAWSCredentials' of type [com.amazonaws.auth.BasicAWSCredentials] is not eligible for getting processed by all BeanPostProcessors (for example: not eligible for auto-proxying). Is this bean getting eagerly injected into a currently created BeanPostProcessor [methodValidationPostProcessor]? Check the corresponding BeanPostProcessor declaration and its dependencies.
2024-01-15T23:52:03.158+02:00  WARN 11984 --- [           main] trationDelegate$BeanPostProcessorChecker : Bean 'amazonDynamoDB' of type [com.amazonaws.services.dynamodbv2.AmazonDynamoDBClient] is not eligible for getting processed by all BeanPostProcessors (for example: not eligible for auto-proxying). Is this bean getting eagerly injected into a currently created BeanPostProcessor [methodValidationPostProcessor]? Check the corresponding BeanPostProcessor declaration and its dependencies.
2024-01-15T23:52:03.195+02:00  WARN 11984 --- [           main] trationDelegate$BeanPostProcessorChecker : Bean 'dynamoDB-DynamoDBMapperConfig' of type [com.amazonaws.services.dynamodbv2.datamodeling.DynamoDBMapperConfig] is not eligible for getting processed by all BeanPostProcessors (for example: not eligible for auto-proxying). Is this bean getting eagerly injected into a currently created BeanPostProcessor [methodValidationPostProcessor]? Check the corresponding BeanPostProcessor declaration and its dependencies.
2024-01-15T23:52:03.375+02:00  INFO 11984 --- [           main] o.s.s.d.d.r.s.DynamoDBRepositoryFactory  : Spring Data DynamoDB Version: 5.1.0 (2.1)
2024-01-15T23:52:03.378+02:00  INFO 11984 --- [           main] o.s.s.d.d.r.s.DynamoDBRepositoryFactory  : Spring Data Version:          3.2.1
2024-01-15T23:52:03.378+02:00  INFO 11984 --- [           main] o.s.s.d.d.r.s.DynamoDBRepositoryFactory  : AWS SDK Version:              1.12.587
2024-01-15T23:52:03.378+02:00  INFO 11984 --- [           main] o.s.s.d.d.r.s.DynamoDBRepositoryFactory  : Java Version:                 17.0.9 - Java HotSpot(TM) 64-Bit Server VM 17.0.9+11-LTS-201
2024-01-15T23:52:03.378+02:00  INFO 11984 --- [           main] o.s.s.d.d.r.s.DynamoDBRepositoryFactory  : Platform Details:             Windows 10 10.0
2024-01-15T23:52:03.378+02:00  WARN 11984 --- [           main] o.s.s.d.d.r.s.DynamoDBRepositoryFactory  : This Spring Data DynamoDB implementation might not be compatible with the available Spring Data classes on the classpath!
NoDefClassFoundExceptions or similar might occur!
2024-01-15T23:52:03.627+02:00  WARN 11984 --- [           main] .s.s.UserDetailsServiceAutoConfiguration : 

Using generated security password: 870f0177-1c80-4984-8882-fcc63de4e025

This generated password is for development use only. Your security configuration must be updated before running your application in production.

2024-01-15T23:52:03.818+02:00  INFO 11984 --- [           main] o.s.s.web.DefaultSecurityFilterChain     : Will secure any request with [org.springframework.security.web.session.DisableEncodeUrlFilter@5f935d49, org.springframework.security.web.context.request.async.WebAsyncManagerIntegrationFilter@3321291a, org.springframework.security.web.context.SecurityContextHolderFilter@66298fe9, org.springframework.security.web.header.HeaderWriterFilter@322b09da, org.springframework.security.web.authentication.logout.LogoutFilter@1570cad0, org.springframework.security.web.savedrequest.RequestCacheAwareFilter@5563bb40, org.springframework.security.web.servletapi.SecurityContextHolderAwareRequestFilter@11148dc2, org.springframework.security.web.authentication.AnonymousAuthenticationFilter@3dc46f24, org.springframework.security.web.access.ExceptionTranslationFilter@3b57f915, org.springframework.security.web.access.intercept.FilterSecurityInterceptor@7e31062c]
2024-01-15T23:52:04.415+02:00  WARN 11984 --- [           main] ion$DefaultTemplateResolverConfiguration : Cannot find template location: classpath:/templates/ (please add some templates, check your Thymeleaf configuration, or set spring.thymeleaf.check-template-location=false)
2024-01-15T23:52:04.504+02:00  INFO 11984 --- [           main] d.d.r.u.Entity2DynamoDBTableSynchronizer : Checking repository classes with DynamoDB tables Customer for ContextRefreshedEvent
2024-01-15T23:52:04.508+02:00  INFO 11984 --- [           main] com.wed.WedApplicationTests              : Started WedApplicationTests in 3.729 seconds (process running for 5.3)
]]></system-out>
  </testcase>
</testsuite>